<testExecutions version="1">
<file path="src/__tests__/components/defaultButton.spec.tsx">
<testCase name="Default Button Should Render Default Button if props are correct" duration="26" />
</file>
</testExecutions>